<?xml version="1.0" encoding="UTF-8"?>
<!-- Generated by org.testng.reporters.JUnitReportReporter -->
<testsuite skipped="0" hostname="silicons-MacBook-Air.local" name="myntra_rosmariya_testcases.Logintestcase" tests="1" failures="0" timestamp="2020-02-25T15:17:28 IST" time="7.489" errors="0">
  <testcase name="lOGIN" time="7.489" classname="myntra_rosmariya_testcases.Logintestcase"/>
  <system-out/>
</testsuite> <!-- myntra_rosmariya_testcases.Logintestcase -->
