<?xml version="1.0" encoding="UTF-8"?>
<!-- Generated by org.testng.reporters.JUnitReportReporter -->
<testsuite skipped="0" hostname="silicons-MacBook-Air.local" name="myntra_rosmariya_testcases.add_product_cart" tests="1" failures="0" timestamp="2020-02-21T11:39:47 IST" time="9.083" errors="0">
  <testcase name="addtocart" time="9.083" classname="myntra_rosmariya_testcases.add_product_cart"/>
  <system-out/>
</testsuite> <!-- myntra_rosmariya_testcases.add_product_cart -->
