<?xml version="1.0" encoding="UTF-8"?>
<!-- Generated by org.testng.reporters.JUnitReportReporter -->
<testsuite skipped="0" hostname="silicons-Air" name="myntra_rosmariya_testcases.add_product_cart" tests="1" failures="0" timestamp="2020-02-22T13:52:45 IST" time="20.435" errors="0">
  <testcase name="addtocart" time="20.435" classname="myntra_rosmariya_testcases.add_product_cart"/>
  <system-out/>
</testsuite> <!-- myntra_rosmariya_testcases.add_product_cart -->
