<?xml version="1.0" encoding="UTF-8"?>
<!-- Generated by org.testng.reporters.JUnitReportReporter -->
<testsuite skipped="0" hostname="silicons-Air" name="myntra_rosmariya_testcases.add_product_cart" tests="1" failures="0" timestamp="2020-02-29T14:06:14 IST" time="23.753" errors="0">
  <testcase name="addtocart" time="23.753" classname="myntra_rosmariya_testcases.add_product_cart"/>
  <system-out/>
</testsuite> <!-- myntra_rosmariya_testcases.add_product_cart -->
