<?xml version="1.0" encoding="UTF-8"?>
<!-- Generated by org.testng.reporters.JUnitReportReporter -->
<testsuite skipped="0" hostname="silicons-Air" name="myntra_rosmariya_testcases.Logintestcase" tests="1" failures="0" timestamp="2020-02-22T11:48:57 IST" time="11.887" errors="0">
  <testcase name="lOGIN" time="11.887" classname="myntra_rosmariya_testcases.Logintestcase"/>
  <system-out/>
</testsuite> <!-- myntra_rosmariya_testcases.Logintestcase -->
